<?xml version="1.0" encoding="UTF-8"?>
<!-- Generated by org.testng.reporters.JUnitReportReporter -->
<testsuite hostname="DESKTOP-ROLOOPG" failures="0" tests="2" name="com.tekArch.tests.login.ValidateLoginAPI_Functionality" time="2.186" errors="0" timestamp="2024-03-14T15:11:09 CDT" skipped="0">
  <testcase classname="com.tekArch.tests.login.ValidateLoginAPI_Functionality" name="validateLoginWithValidCredentials" time="1.998"/>
  <system-out/>
  <testcase classname="com.tekArch.tests.login.ValidateLoginAPI_Functionality" name="validateLoginWithInValidCredentials" time="0.188"/>
  <system-out/>
</testsuite> <!-- com.tekArch.tests.login.ValidateLoginAPI_Functionality -->
