<?xml version="1.0" encoding="UTF-8"?>
<!-- Generated by org.testng.reporters.JUnitReportReporter -->
<testsuite hostname="DESKTOP-ROLOOPG" failures="0" tests="4" name="com.tekArch.tests.CRUD.ValidateAddAndDeleteData_Functionality" time="15.565" errors="0" timestamp="2024-03-14T23:07:13 CDT" skipped="0">
  <testcase classname="com.tekArch.tests.CRUD.ValidateAddAndDeleteData_Functionality" name="validateAddDataFunctionality" time="0.576"/>
  <system-out/>
  <testcase classname="com.tekArch.tests.CRUD.ValidateAddAndDeleteData_Functionality" name="validateAddedDataInGetData" time="4.765"/>
  <system-out/>
  <testcase classname="com.tekArch.tests.CRUD.ValidateAddAndDeleteData_Functionality" name="validateDeleteData" time="0.340"/>
  <system-out/>
  <testcase classname="com.tekArch.tests.CRUD.ValidateAddAndDeleteData_Functionality" name="validateDeletedDataInGetData" time="9.884"/>
  <system-out/>
</testsuite> <!-- com.tekArch.tests.CRUD.ValidateAddAndDeleteData_Functionality -->
