<?xml version="1.0" encoding="UTF-8"?>
<!-- Generated by org.testng.reporters.JUnitReportReporter -->
<testsuite hostname="DESKTOP-ROLOOPG" failures="0" tests="2" name="com.tekArch.tests.login.ValidateLoginAPI_Functionality" time="1.924" errors="0" timestamp="2024-03-14T23:07:13 CDT" skipped="0">
  <testcase classname="com.tekArch.tests.login.ValidateLoginAPI_Functionality" name="validateLoginWithValidCredentials" time="1.737"/>
  <system-out/>
  <testcase classname="com.tekArch.tests.login.ValidateLoginAPI_Functionality" name="validateLoginWithInValidCredentials" time="0.187"/>
  <system-out/>
</testsuite> <!-- com.tekArch.tests.login.ValidateLoginAPI_Functionality -->
