<?xml version="1.0" encoding="UTF-8"?>
<!-- Generated by org.testng.reporters.JUnitReportReporter -->
<testsuite hostname="DESKTOP-ROLOOPG" failures="0" tests="4" name="com.tekArch.tests.CRUD.ValidateAddAndDeleteData_Functionality" time="25.949" errors="0" timestamp="2024-03-14T15:11:09 CDT" skipped="0">
  <testcase classname="com.tekArch.tests.CRUD.ValidateAddAndDeleteData_Functionality" name="validateAddDataFunctionality" time="0.407"/>
  <system-out/>
  <testcase classname="com.tekArch.tests.CRUD.ValidateAddAndDeleteData_Functionality" name="validateAddedDataInGetData" time="15.212"/>
  <system-out/>
  <testcase classname="com.tekArch.tests.CRUD.ValidateAddAndDeleteData_Functionality" name="validateDeleteData" time="0.278"/>
  <system-out/>
  <testcase classname="com.tekArch.tests.CRUD.ValidateAddAndDeleteData_Functionality" name="validateDeletedDataInGetData" time="10.052"/>
  <system-out/>
</testsuite> <!-- com.tekArch.tests.CRUD.ValidateAddAndDeleteData_Functionality -->
